[2026-05-29 07:11:33] App\Exception\NotFoundException: Uer not founds in C:\xampp\htdocs\MediaLibrary-MVC--master\App\Service\UserService.php:31
#0 C:\xampp\htdocs\MediaLibrary-MVC--master\App\Controller\AuthController.php(53): App\Service\UserService->authenticate('adminnnnnn', 'mgmg11948')
#1 C:\xampp\htdocs\MediaLibrary-MVC--master\App\Core\Router.php(67): App\Controller\AuthController->login(Object(App\Request\LoginRequest), Object(App\Validate\Validator))
#2 C:\xampp\htdocs\MediaLibrary-MVC--master\App\Core\Router.php(35): App\Core\Router->login()
#3 C:\xampp\htdocs\MediaLibrary-MVC--master\Public\index.php(70): App\Core\Router->dispatch('login')
#4 {main}

[2026-05-29 07:16:37] PDOException: SQLSTATE[23000]: Integrity constraint violation: 1062 Duplicate entry 'Maung Maung' for key 'username' in C:\xampp\htdocs\MediaLibrary-MVC--master\App\Repository\BaseRepository.php:56
#0 C:\xampp\htdocs\MediaLibrary-MVC--master\App\Repository\BaseRepository.php(56): PDOStatement->execute(Array)
#1 C:\xampp\htdocs\MediaLibrary-MVC--master\App\Service\UserService.php(63): App\Repository\BaseRepository->create(Array)
#2 C:\xampp\htdocs\MediaLibrary-MVC--master\App\Controller\AuthController.php(103): App\Service\UserService->register(Object(App\DTO\RegisterDTO))
#3 C:\xampp\htdocs\MediaLibrary-MVC--master\App\Core\Router.php(75): App\Controller\AuthController->register(Object(App\Request\RegisterUserRequest), Object(App\Validate\Validator))
#4 C:\xampp\htdocs\MediaLibrary-MVC--master\App\Core\Router.php(36): App\Core\Router->register()
#5 C:\xampp\htdocs\MediaLibrary-MVC--master\Public\index.php(70): App\Core\Router->dispatch('register')
#6 {main}

[2026-05-29 10:06:11] Error: Class "App\Core\Router" not found in C:\xampp\htdocs\MediaLibrary-MVC--master\Public\index.php:69
#0 {main}

[2026-05-29 10:06:14] Error: Class "App\Core\Router" not found in C:\xampp\htdocs\MediaLibrary-MVC--master\Public\index.php:69
#0 {main}

[2026-05-29 10:06:15] Error: Class "App\Core\Router" not found in C:\xampp\htdocs\MediaLibrary-MVC--master\Public\index.php:69
#0 {main}

[2026-05-29 10:06:21] Error: Class "App\Core\Router" not found in C:\xampp\htdocs\MediaLibrary-MVC--master\Public\index.php:69
#0 {main}

[2026-05-29 10:06:24] Error: Class "App\Core\Router" not found in C:\xampp\htdocs\MediaLibrary-MVC--master\Public\index.php:69
#0 {main}

[2026-05-29 10:06:33] Error: Class "App\Core\Router" not found in C:\xampp\htdocs\MediaLibrary-MVC--master\Public\index.php:69
#0 {main}

[2026-05-29 10:06:38] Error: Class "App\Core\Router" not found in C:\xampp\htdocs\MediaLibrary-MVC--master\Public\index.php:69
#0 {main}

[2026-05-29 10:06:40] Error: Class "App\Core\Router" not found in C:\xampp\htdocs\MediaLibrary-MVC--master\Public\index.php:69
#0 {main}

[2026-05-29 10:06:41] Error: Class "App\Core\Router" not found in C:\xampp\htdocs\MediaLibrary-MVC--master\Public\index.php:69
#0 {main}

[2026-05-29 10:06:43] Error: Class "App\Core\Router" not found in C:\xampp\htdocs\MediaLibrary-MVC--master\Public\index.php:69
#0 {main}

[2026-05-29 10:06:44] Error: Class "App\Core\Router" not found in C:\xampp\htdocs\MediaLibrary-MVC--master\Public\index.php:69
#0 {main}

[2026-05-29 10:06:45] Error: Class "App\Core\Router" not found in C:\xampp\htdocs\MediaLibrary-MVC--master\Public\index.php:69
#0 {main}

[2026-05-29 10:06:46] Error: Class "App\Core\Router" not found in C:\xampp\htdocs\MediaLibrary-MVC--master\Public\index.php:69
#0 {main}

[2026-05-29 10:06:48] Error: Class "App\Core\Router" not found in C:\xampp\htdocs\MediaLibrary-MVC--master\Public\index.php:69
#0 {main}

[2026-05-29 10:06:49] Error: Class "App\Core\Router" not found in C:\xampp\htdocs\MediaLibrary-MVC--master\Public\index.php:69
#0 {main}

[2026-05-29 10:06:50] Error: Class "App\Core\Router" not found in C:\xampp\htdocs\MediaLibrary-MVC--master\Public\index.php:69
#0 {main}

[2026-05-29 10:06:51] Error: Class "App\Core\Router" not found in C:\xampp\htdocs\MediaLibrary-MVC--master\Public\index.php:69
#0 {main}

[2026-05-29 10:06:51] Error: Class "App\Core\Router" not found in C:\xampp\htdocs\MediaLibrary-MVC--master\Public\index.php:69
#0 {main}

[2026-05-29 10:09:38] Error: Class "App\Core\Router" not found in C:\xampp\htdocs\MediaLibrary-MVC--master\Public\index.php:69
#0 {main}

[2026-05-29 10:09:46] Error: Class "App\Core\Router" not found in C:\xampp\htdocs\MediaLibrary-MVC--master\Public\index.php:69
#0 {main}

[2026-05-29 10:09:47] Error: Class "App\Core\Router" not found in C:\xampp\htdocs\MediaLibrary-MVC--master\Public\index.php:69
#0 {main}

[2026-05-29 10:09:49] Error: Class "App\Core\Router" not found in C:\xampp\htdocs\MediaLibrary-MVC--master\Public\index.php:69
#0 {main}

[2026-05-29 10:09:50] Error: Class "App\Core\Router" not found in C:\xampp\htdocs\MediaLibrary-MVC--master\Public\index.php:69
#0 {main}

[2026-05-29 10:12:44] Error: Class "App\Core\Router" not found in C:\xampp\htdocs\MediaLibrary-MVC--master\Public\index.php:69
#0 {main}

[2026-05-29 10:12:48] Error: Class "App\Core\Router" not found in C:\xampp\htdocs\MediaLibrary-MVC--master\Public\index.php:69
#0 {main}

[2026-05-29 10:12:50] Error: Class "App\Core\Router" not found in C:\xampp\htdocs\MediaLibrary-MVC--master\Public\index.php:69
#0 {main}

[2026-05-29 10:12:52] Error: Class "App\Core\Router" not found in C:\xampp\htdocs\MediaLibrary-MVC--master\Public\index.php:69
#0 {main}

[2026-05-29 10:14:31] Error: Class "App\Core\Router" not found in C:\xampp\htdocs\MediaLibrary-MVC--master\Public\index.php:69
#0 {main}

[2026-05-29 10:14:32] Error: Class "App\Core\Router" not found in C:\xampp\htdocs\MediaLibrary-MVC--master\Public\index.php:69
#0 {main}

[2026-05-29 10:14:33] Error: Class "App\Core\Router" not found in C:\xampp\htdocs\MediaLibrary-MVC--master\Public\index.php:69
#0 {main}

[2026-05-29 10:14:33] Error: Class "App\Core\Router" not found in C:\xampp\htdocs\MediaLibrary-MVC--master\Public\index.php:69
#0 {main}

[2026-05-29 10:14:34] Error: Class "App\Core\Router" not found in C:\xampp\htdocs\MediaLibrary-MVC--master\Public\index.php:69
#0 {main}

[2026-05-29 10:14:34] Error: Class "App\Core\Router" not found in C:\xampp\htdocs\MediaLibrary-MVC--master\Public\index.php:69
#0 {main}

[2026-05-29 10:14:34] Error: Class "App\Core\Router" not found in C:\xampp\htdocs\MediaLibrary-MVC--master\Public\index.php:69
#0 {main}

[2026-05-29 10:14:36] Error: Class "App\Core\Router" not found in C:\xampp\htdocs\MediaLibrary-MVC--master\Public\index.php:69
#0 {main}

[2026-05-29 10:14:37] Error: Class "App\Core\Router" not found in C:\xampp\htdocs\MediaLibrary-MVC--master\Public\index.php:69
#0 {main}

[2026-05-29 10:14:38] Error: Class "App\Core\Router" not found in C:\xampp\htdocs\MediaLibrary-MVC--master\Public\index.php:69
#0 {main}

[2026-05-29 10:14:40] Error: Class "App\Core\Router" not found in C:\xampp\htdocs\MediaLibrary-MVC--master\Public\index.php:69
#0 {main}

[2026-05-29 10:14:42] Error: Class "App\Core\Router" not found in C:\xampp\htdocs\MediaLibrary-MVC--master\Public\index.php:69
#0 {main}

[2026-05-29 10:14:43] Error: Class "App\Core\Router" not found in C:\xampp\htdocs\MediaLibrary-MVC--master\Public\index.php:69
#0 {main}

[2026-05-29 10:14:43] Error: Class "App\Core\Router" not found in C:\xampp\htdocs\MediaLibrary-MVC--master\Public\index.php:69
#0 {main}

[2026-05-29 10:14:46] Error: Class "App\Core\Router" not found in C:\xampp\htdocs\MediaLibrary-MVC--master\Public\index.php:69
#0 {main}

[2026-05-29 10:14:47] Error: Class "App\Core\Router" not found in C:\xampp\htdocs\MediaLibrary-MVC--master\Public\index.php:69
#0 {main}

[2026-05-29 11:51:43] App\Exception\NotFoundException: User not found. in C:\xampp\htdocs\MediaLibrary-MVC--master\App\Service\UserService.php:30
#0 C:\xampp\htdocs\MediaLibrary-MVC--master\App\Controller\AuthController.php(35): App\Service\UserService->authenticate('', '')
#1 C:\xampp\htdocs\MediaLibrary-MVC--master\routes\web.php(45): App\Controller\AuthController->login(Object(App\Request\LoginRequest), Object(App\Validate\Validator))
#2 C:\xampp\htdocs\MediaLibrary-MVC--master\Public\index.php(73): require_once('C:\\xampp\\htdocs...')
#3 {main}

